Traceback (most recent call last):
  File "/usr/local/python/3.12.1/lib/python3.12/site-packages/jupyter_cache/executors/utils.py", line 58, in single_nb_execution
    executenb(
  File "/home/codespace/.local/lib/python3.12/site-packages/nbclient/client.py", line 1319, in execute
    return NotebookClient(nb=nb, resources=resources, km=km, **kwargs).execute()
           ^^^^^^^^^^^^^^^^^^^^^^^^^^^^^^^^^^^^^^^^^^^^^^^^^^^^^^^^^^^^^^^^^^^^^
  File "/home/codespace/.local/lib/python3.12/site-packages/jupyter_core/utils/__init__.py", line 165, in wrapped
    return loop.run_until_complete(inner)
           ^^^^^^^^^^^^^^^^^^^^^^^^^^^^^^
  File "/usr/local/python/3.12.1/lib/python3.12/asyncio/base_events.py", line 684, in run_until_complete
    return future.result()
           ^^^^^^^^^^^^^^^
  File "/home/codespace/.local/lib/python3.12/site-packages/nbclient/client.py", line 709, in async_execute
    await self.async_execute_cell(
  File "/home/codespace/.local/lib/python3.12/site-packages/nbclient/client.py", line 1062, in async_execute_cell
    await self._check_raise_for_error(cell, cell_index, exec_reply)
  File "/home/codespace/.local/lib/python3.12/site-packages/nbclient/client.py", line 918, in _check_raise_for_error
    raise CellExecutionError.from_cell_and_msg(cell, exec_reply_content)
nbclient.exceptions.CellExecutionError: An error occurred while executing the following cell:
------------------
import os
from dotenv import load_dotenv
import pandas as pd
from sqlalchemy import create_engine

load_dotenv()
# 1. Load dataset iris dari CSV
df = pd.read_csv("iris.csv")

# 2. Buang baris pertama
df = df.iloc[1:].reset_index(drop=True)

# 3. Rename kolom
df.columns = ["id", "class", "petal_length", "petal_width", "sepal_length", "sepal_width"]

# 4. Koneksi ke PostgreSQL Aiven
host = os.getenv("DB_HOST")
port = os.getenv("DB_PORT")
dbname = os.getenv("DB_NAME")
user = os.getenv("DB_USER")
password = os.getenv("DB_PASSWORD")

# Buat connection string
conn_str = f"postgresql+psycopg2://{user}:{password}@{host}:{port}/{dbname}"
engine = create_engine(conn_str)


# 5. Upload dataset ke tabel iris
df.to_sql("iris", engine, if_exists="replace", index=False)

print("✅ Dataset Iris berhasil diupload ke PostgreSQL tanpa baris pertama!")
------------------


[31m---------------------------------------------------------------------------[39m
[31mValueError[39m                                Traceback (most recent call last)
[36mCell[39m[36m [39m[32mIn[4][39m[32m, line 25[39m
[32m     23[39m [38;5;66;03m# Buat connection string[39;00m
[32m     24[39m conn_str = [33mf[39m[33m"[39m[33mpostgresql+psycopg2://[39m[38;5;132;01m{[39;00muser[38;5;132;01m}[39;00m[33m:[39m[38;5;132;01m{[39;00mpassword[38;5;132;01m}[39;00m[33m@[39m[38;5;132;01m{[39;00mhost[38;5;132;01m}[39;00m[33m:[39m[38;5;132;01m{[39;00mport[38;5;132;01m}[39;00m[33m/[39m[38;5;132;01m{[39;00mdbname[38;5;132;01m}[39;00m[33m"[39m
[32m---> [39m[32m25[39m engine = [43mcreate_engine[49m[43m([49m[43mconn_str[49m[43m)[49m
[32m     28[39m [38;5;66;03m# 5. Upload dataset ke tabel iris[39;00m
[32m     29[39m df.to_sql([33m"[39m[33miris[39m[33m"[39m, engine, if_exists=[33m"[39m[33mreplace[39m[33m"[39m, index=[38;5;28;01mFalse[39;00m)

[36mFile [39m[32m<string>:2[39m, in [36mcreate_engine[39m[34m(url, **kwargs)[39m

[36mFile [39m[32m/usr/local/python/3.12.1/lib/python3.12/site-packages/sqlalchemy/util/deprecations.py:281[39m, in [36mdeprecated_params.<locals>.decorate.<locals>.warned[39m[34m(fn, *args, **kwargs)[39m
[32m    274[39m     [38;5;28;01mif[39;00m m [38;5;129;01min[39;00m kwargs:
[32m    275[39m         _warn_with_version(
[32m    276[39m             messages[m],
[32m    277[39m             versions[m],
[32m    278[39m             version_warnings[m],
[32m    279[39m             stacklevel=[32m3[39m,
[32m    280[39m         )
[32m--> [39m[32m281[39m [38;5;28;01mreturn[39;00m [43mfn[49m[43m([49m[43m*[49m[43margs[49m[43m,[49m[43m [49m[43m*[49m[43m*[49m[43mkwargs[49m[43m)[49m

[36mFile [39m[32m/usr/local/python/3.12.1/lib/python3.12/site-packages/sqlalchemy/engine/create.py:564[39m, in [36mcreate_engine[39m[34m(url, **kwargs)[39m
[32m    561[39m kwargs.pop([33m"[39m[33mempty_in_strategy[39m[33m"[39m, [38;5;28;01mNone[39;00m)
[32m    563[39m [38;5;66;03m# create url.URL object[39;00m
[32m--> [39m[32m564[39m u = [43m_url[49m[43m.[49m[43mmake_url[49m[43m([49m[43murl[49m[43m)[49m
[32m    566[39m u, plugins, kwargs = u._instantiate_plugins(kwargs)
[32m    568[39m entrypoint = u._get_entrypoint()

[36mFile [39m[32m/usr/local/python/3.12.1/lib/python3.12/site-packages/sqlalchemy/engine/url.py:856[39m, in [36mmake_url[39m[34m(name_or_url)[39m
[32m    840[39m [38;5;250m[39m[33;03m"""Given a string, produce a new URL instance.[39;00m
[32m    841[39m 
[32m    842[39m [33;03mThe format of the URL generally follows `RFC-1738[39;00m
[32m   (...)[39m[32m    852[39m 
[32m    853[39m [33;03m"""[39;00m
[32m    855[39m [38;5;28;01mif[39;00m [38;5;28misinstance[39m(name_or_url, [38;5;28mstr[39m):
[32m--> [39m[32m856[39m     [38;5;28;01mreturn[39;00m [43m_parse_url[49m[43m([49m[43mname_or_url[49m[43m)[49m
[32m    857[39m [38;5;28;01melif[39;00m [38;5;129;01mnot[39;00m [38;5;28misinstance[39m(name_or_url, URL) [38;5;129;01mand[39;00m [38;5;129;01mnot[39;00m [38;5;28mhasattr[39m(
[32m    858[39m     name_or_url, [33m"[39m[33m_sqla_is_testing_if_this_is_a_mock_object[39m[33m"[39m
[32m    859[39m ):
[32m    860[39m     [38;5;28;01mraise[39;00m exc.ArgumentError(
[32m    861[39m         [33mf[39m[33m"[39m[33mExpected string or URL object, got [39m[38;5;132;01m{[39;00mname_or_url[38;5;132;01m!r}[39;00m[33m"[39m
[32m    862[39m     )

[36mFile [39m[32m/usr/local/python/3.12.1/lib/python3.12/site-packages/sqlalchemy/engine/url.py:917[39m, in [36m_parse_url[39m[34m(name)[39m
[32m    914[39m     name = components.pop([33m"[39m[33mname[39m[33m"[39m)
[32m    916[39m     [38;5;28;01mif[39;00m components[[33m"[39m[33mport[39m[33m"[39m]:
[32m--> [39m[32m917[39m         components[[33m"[39m[33mport[39m[33m"[39m] = [38;5;28;43mint[39;49m[43m([49m[43mcomponents[49m[43m[[49m[33;43m"[39;49m[33;43mport[39;49m[33;43m"[39;49m[43m][49m[43m)[49m
[32m    919[39m     [38;5;28;01mreturn[39;00m URL.create(name, **components)  [38;5;66;03m# type: ignore[39;00m
[32m    921[39m [38;5;28;01melse[39;00m:

[31mValueError[39m: invalid literal for int() with base 10: 'None'

